<?xml version="1.0" encoding="UTF-8"?>
<!-- Generated by org.testng.reporters.JUnitReportReporter -->
<testsuite hostname="DESKTOP-JFTGHRU" failures="0" tests="1" name="DSL.Pravinyam_Automation.APIResponseQuestion_Page" time="4.446" errors="0" timestamp="2023-03-06T13:03:27 IST" skipped="0">
  <testcase classname="DSL.Pravinyam_Automation.APIResponseQuestion_Page" name="Questions_API" time="4.446"/>
  <system-out/>
</testsuite> <!-- DSL.Pravinyam_Automation.APIResponseQuestion_Page -->
