<?xml version="1.0" encoding="UTF-8"?>
<!-- Generated by org.testng.reporters.JUnitReportReporter -->
<testsuite hostname="DESKTOP-LSKJV5M" failures="0" tests="3" name="Functioncall.Visit_Exercises_Testcase" time="514.504" errors="0" timestamp="2024-07-01T12:09:57 IST" skipped="0">
  <testcase classname="Functioncall.Visit_Exercises_Testcase" name="InvalidUser_method" time="13.779"/>
  <testcase classname="Functioncall.Visit_Exercises_Testcase" name="Modules_method" time="202.730"/>
  <testcase classname="Functioncall.Visit_Exercises_Testcase" name="VisitExercise_Page_Method" time="297.995"/>
</testsuite> <!-- Functioncall.Visit_Exercises_Testcase -->
