<?xml version="1.0" encoding="UTF-8"?>
<!-- Generated by org.testng.reporters.JUnitReportReporter -->
<testsuite hostname="DESKTOP-LSKJV5M" failures="0" tests="4" name="Functioncall.C_Track_Testcases" time="155.584" errors="0" timestamp="2023-11-21T16:42:32 IST" skipped="0">
  <testcase classname="Functioncall.C_Track_Testcases" name="InvalidUser_method" time="0.723"/>
  <system-out/>
  <testcase classname="Functioncall.C_Track_Testcases" name="ValidUser_method" time="0.790"/>
  <system-out/>
  <testcase classname="Functioncall.C_Track_Testcases" name="Modules_method" time="44.005"/>
  <system-out/>
  <testcase classname="Functioncall.C_Track_Testcases" name="VisitExercise_Page_Method" time="110.066"/>
  <system-out/>
</testsuite> <!-- Functioncall.C_Track_Testcases -->
