<?xml version="1.0" encoding="UTF-8"?>
<!-- Generated by org.testng.reporters.JUnitReportReporter -->
<testsuite hostname="DESKTOP-JFTGHRU" failures="0" tests="1" name="DSL.Pravinyam_Automation.ExerciseCode_Page" time="7.946" errors="0" timestamp="2023-02-23T11:28:46 IST" skipped="0">
  <testcase classname="DSL.Pravinyam_Automation.ExerciseCode_Page" name="Code_API" time="7.946"/>
  <system-out/>
</testsuite> <!-- DSL.Pravinyam_Automation.ExerciseCode_Page -->
