<?xml version="1.0" encoding="UTF-8"?>
<!-- Generated by org.testng.reporters.JUnitReportReporter -->
<testsuite hostname="DESKTOP-LSKJV5M" failures="0" tests="8" name="Functioncall.ForgotPassword_Page_Testcases" time="111.870" errors="0" timestamp="2024-06-13T13:54:01 IST" skipped="0">
  <testcase classname="Functioncall.ForgotPassword_Page_Testcases" name="CheckUsername_method" time="15.307"/>
  <testcase classname="Functioncall.ForgotPassword_Page_Testcases" name="ForgotPassword_method" time="85.082"/>
  <testcase classname="Functioncall.ForgotPassword_Page_Testcases" name="WithoutDetails_method" time="1.605"/>
  <testcase classname="Functioncall.ForgotPassword_Page_Testcases" name="WithoutPass1_method" time="1.557"/>
  <testcase classname="Functioncall.ForgotPassword_Page_Testcases" name="WithoutPass2_method" time="1.618"/>
  <testcase classname="Functioncall.ForgotPassword_Page_Testcases" name="Less8_Details_method" time="1.613"/>
  <testcase classname="Functioncall.ForgotPassword_Page_Testcases" name="DifferentDetails_method" time="1.617"/>
  <testcase classname="Functioncall.ForgotPassword_Page_Testcases" name="CorrectDetails_method" time="3.471"/>
</testsuite> <!-- Functioncall.ForgotPassword_Page_Testcases -->
