<?xml version="1.0" encoding="UTF-8"?>
<!-- Generated by org.testng.reporters.JUnitReportReporter -->
<testsuite hostname="DESKTOP-JFTGHRU" failures="0" tests="1" name="DSL.Pravinyam_Automation.APIResponseCode_Page" time="4.213" errors="0" timestamp="2023-03-13T14:16:31 IST" skipped="0">
  <testcase classname="DSL.Pravinyam_Automation.APIResponseCode_Page" name="Code_API" time="4.213"/>
  <system-out/>
</testsuite> <!-- DSL.Pravinyam_Automation.APIResponseCode_Page -->
