<?xml version="1.0" encoding="UTF-8"?>
<!-- Generated by org.testng.reporters.JUnitReportReporter -->
<testsuite hostname="DESKTOP-JFTGHRU" failures="0" tests="4" name="Functioncall.testcases" time="147.841" errors="0" timestamp="2023-03-23T14:03:09 IST" skipped="0">
  <testcase classname="Functioncall.testcases" name="InvalidUser_method" time="0.831"/>
  <system-out/>
  <testcase classname="Functioncall.testcases" name="ValidUser_method" time="1.286"/>
  <system-out/>
  <testcase classname="Functioncall.testcases" name="Modules_method" time="41.069"/>
  <system-out/>
  <testcase classname="Functioncall.testcases" name="VisitExercise_Page_Method" time="104.655"/>
  <system-out/>
</testsuite> <!-- Functioncall.testcases -->
