<?xml version="1.0" encoding="UTF-8"?>
<!-- Generated by org.testng.reporters.JUnitReportReporter -->
<testsuite hostname="DESKTOP-LSKJV5M" failures="0" tests="9" name="Functioncall.ResetPassword_Page_Testcases" time="35.074" errors="0" timestamp="2024-06-13T15:25:11 IST" skipped="0">
  <testcase classname="Functioncall.ResetPassword_Page_Testcases" name="Open_Reset_method" time="15.646"/>
  <testcase classname="Functioncall.ResetPassword_Page_Testcases" name="WithoutDetails_method" time="1.925"/>
  <testcase classname="Functioncall.ResetPassword_Page_Testcases" name="WithoutPass1_method" time="1.992"/>
  <testcase classname="Functioncall.ResetPassword_Page_Testcases" name="WithoutPass2_method" time="2.147"/>
  <testcase classname="Functioncall.ResetPassword_Page_Testcases" name="Less8_Details_method" time="1.992"/>
  <testcase classname="Functioncall.ResetPassword_Page_Testcases" name="DifferentDetails_method" time="1.946"/>
  <testcase classname="Functioncall.ResetPassword_Page_Testcases" name="WithoutCurrent_method" time="1.915"/>
  <testcase classname="Functioncall.ResetPassword_Page_Testcases" name="IncorrectCurrent_method" time="2.028"/>
  <testcase classname="Functioncall.ResetPassword_Page_Testcases" name="CorrectDetails_method" time="5.483"/>
</testsuite> <!-- Functioncall.ResetPassword_Page_Testcases -->
