<?xml version="1.0" encoding="UTF-8"?>
<!-- Generated by org.testng.reporters.JUnitReportReporter -->
<testsuite hostname="DESKTOP-JFTGHRU" failures="0" tests="1" name="DSL.Pravinyam_Automation.APIResponse_Page" time="4.114" errors="0" timestamp="2023-02-27T13:14:05 IST" skipped="0">
  <testcase classname="DSL.Pravinyam_Automation.APIResponse_Page" name="Code_API" time="4.114"/>
  <system-out/>
</testsuite> <!-- DSL.Pravinyam_Automation.APIResponse_Page -->
