<?xml version="1.0" encoding="UTF-8"?>
<!-- Generated by org.testng.reporters.JUnitReportReporter -->
<testsuite hostname="DESKTOP-LSKJV5M" failures="0" tests="3" name="Functioncall.New" time="321.234" errors="0" timestamp="2024-06-06T11:52:04 IST" skipped="0">
  <testcase classname="Functioncall.New" name="InvalidUser_method" time="18.871"/>
  <testcase classname="Functioncall.New" name="Modules_method" time="202.151"/>
  <testcase classname="Functioncall.New" name="VisitExercise_Page_Method" time="100.212"/>
</testsuite> <!-- Functioncall.New -->
